This file contains any messages produced by compilers while
running configure, to aid debugging if configure makes a mistake.

It was created by configure, which was
generated by GNU Autoconf 2.69.  Invocation command line was

  $ ./configure 

## --------- ##
## Platform. ##
## --------- ##

hostname = kyeh-dv6t
uname -m = x86_64
uname -r = 3.11.0-15-generic
uname -s = Linux
uname -v = #23-Ubuntu SMP Mon Dec 9 18:17:04 UTC 2013

/usr/bin/uname -p = unknown
/bin/uname -X     = unknown

/bin/arch              = unknown
/usr/bin/arch -k       = unknown
/usr/convex/getsysinfo = unknown
/usr/bin/hostinfo      = unknown
/bin/machine           = unknown
/usr/bin/oslevel       = unknown
/bin/universe          = unknown

PATH: /usr/lib/lightdm/lightdm
PATH: /usr/local/sbin
PATH: /usr/local/bin
PATH: /usr/sbin
PATH: /usr/bin
PATH: /sbin
PATH: /bin
PATH: /usr/games
PATH: /usr/local/games
PATH: /home/kyeh/bin
PATH: /home/kyeh/.rvm/bin
PATH: /home/kyeh/bin/gibo
PATH: /home/kyeh/Programs/idea/bin
PATH: /home/kyeh/Programs/android-studio/bin
PATH: /Programs/genymotion


## ----------- ##
## Core tests. ##
## ----------- ##

configure:2312: checking for a BSD-compatible install
configure:2380: result: /usr/bin/install -c
configure:2391: checking whether build environment is sane
configure:2446: result: yes
configure:2597: checking for a thread-safe mkdir -p
configure:2636: result: /bin/mkdir -p
configure:2643: checking for gawk
configure:2673: result: no
configure:2643: checking for mawk
configure:2659: found /usr/bin/mawk
configure:2670: result: mawk
configure:2681: checking whether make sets $(MAKE)
configure:2703: result: yes
configure:2732: checking whether make supports nested variables
configure:2749: result: yes
configure:2902: checking for g++
configure:2918: found /usr/bin/g++
configure:2929: result: g++
configure:2956: checking for C++ compiler version
configure:2965: g++ --version >&5
g++ (Ubuntu/Linaro 4.8.1-10ubuntu9) 4.8.1
Copyright (C) 2013 Free Software Foundation, Inc.
This is free software; see the source for copying conditions.  There is NO
warranty; not even for MERCHANTABILITY or FITNESS FOR A PARTICULAR PURPOSE.

configure:2976: $? = 0
configure:2965: g++ -v >&5
Using built-in specs.
COLLECT_GCC=g++
COLLECT_LTO_WRAPPER=/usr/lib/gcc/x86_64-linux-gnu/4.8/lto-wrapper
Target: x86_64-linux-gnu
Configured with: ../src/configure -v --with-pkgversion='Ubuntu/Linaro 4.8.1-10ubuntu9' --with-bugurl=file:///usr/share/doc/gcc-4.8/README.Bugs --enable-languages=c,c++,java,go,d,fortran,objc,obj-c++ --prefix=/usr --program-suffix=-4.8 --enable-shared --enable-linker-build-id --libexecdir=/usr/lib --without-included-gettext --enable-threads=posix --with-gxx-include-dir=/usr/include/c++/4.8 --libdir=/usr/lib --enable-nls --with-sysroot=/ --enable-clocale=gnu --enable-libstdcxx-debug --enable-libstdcxx-time=yes --enable-gnu-unique-object --enable-plugin --with-system-zlib --disable-browser-plugin --enable-java-awt=gtk --enable-gtk-cairo --with-java-home=/usr/lib/jvm/java-1.5.0-gcj-4.8-amd64/jre --enable-java-home --with-jvm-root-dir=/usr/lib/jvm/java-1.5.0-gcj-4.8-amd64 --with-jvm-jar-dir=/usr/lib/jvm-exports/java-1.5.0-gcj-4.8-amd64 --with-arch-directory=amd64 --with-ecj-jar=/usr/share/java/eclipse-ecj.jar --enable-objc-gc --enable-multiarch --disable-werror --with-arch-32=i686 --with-abi=m64 --with-multilib-list=m32,m64,mx32 --with-tune=generic --enable-checking=release --build=x86_64-linux-gnu --host=x86_64-linux-gnu --target=x86_64-linux-gnu
Thread model: posix
gcc version 4.8.1 (Ubuntu/Linaro 4.8.1-10ubuntu9) 
configure:2976: $? = 0
configure:2965: g++ -V >&5
g++: error: unrecognized command line option '-V'
g++: fatal error: no input files
compilation terminated.
configure:2976: $? = 4
configure:2965: g++ -qversion >&5
g++: error: unrecognized command line option '-qversion'
g++: fatal error: no input files
compilation terminated.
configure:2976: $? = 4
configure:2996: checking whether the C++ compiler works
configure:3018: g++    conftest.cpp  >&5
configure:3022: $? = 0
configure:3070: result: yes
configure:3073: checking for C++ compiler default output file name
configure:3075: result: a.out
configure:3081: checking for suffix of executables
configure:3088: g++ -o conftest    conftest.cpp  >&5
configure:3092: $? = 0
configure:3114: result: 
configure:3136: checking whether we are cross compiling
configure:3144: g++ -o conftest    conftest.cpp  >&5
configure:3148: $? = 0
configure:3155: ./conftest
configure:3159: $? = 0
configure:3174: result: no
configure:3179: checking for suffix of object files
configure:3201: g++ -c   conftest.cpp >&5
configure:3205: $? = 0
configure:3226: result: o
configure:3230: checking whether we are using the GNU C++ compiler
configure:3249: g++ -c   conftest.cpp >&5
configure:3249: $? = 0
configure:3258: result: yes
configure:3267: checking whether g++ accepts -g
configure:3287: g++ -c -g  conftest.cpp >&5
configure:3287: $? = 0
configure:3328: result: yes
configure:3362: checking for style of include used by make
configure:3390: result: GNU
configure:3416: checking dependency style of g++
configure:3527: result: gcc3
configure:3571: checking build system type
configure:3585: result: x86_64-unknown-linux-gnu
configure:3605: checking host system type
configure:3618: result: x86_64-unknown-linux-gnu
configure:3659: checking how to print strings
configure:3686: result: printf
configure:3755: checking for gcc
configure:3771: found /usr/bin/gcc
configure:3782: result: gcc
configure:4011: checking for C compiler version
configure:4020: gcc --version >&5
gcc (Ubuntu/Linaro 4.8.1-10ubuntu9) 4.8.1
Copyright (C) 2013 Free Software Foundation, Inc.
This is free software; see the source for copying conditions.  There is NO
warranty; not even for MERCHANTABILITY or FITNESS FOR A PARTICULAR PURPOSE.

configure:4031: $? = 0
configure:4020: gcc -v >&5
Using built-in specs.
COLLECT_GCC=gcc
COLLECT_LTO_WRAPPER=/usr/lib/gcc/x86_64-linux-gnu/4.8/lto-wrapper
Target: x86_64-linux-gnu
Configured with: ../src/configure -v --with-pkgversion='Ubuntu/Linaro 4.8.1-10ubuntu9' --with-bugurl=file:///usr/share/doc/gcc-4.8/README.Bugs --enable-languages=c,c++,java,go,d,fortran,objc,obj-c++ --prefix=/usr --program-suffix=-4.8 --enable-shared --enable-linker-build-id --libexecdir=/usr/lib --without-included-gettext --enable-threads=posix --with-gxx-include-dir=/usr/include/c++/4.8 --libdir=/usr/lib --enable-nls --with-sysroot=/ --enable-clocale=gnu --enable-libstdcxx-debug --enable-libstdcxx-time=yes --enable-gnu-unique-object --enable-plugin --with-system-zlib --disable-browser-plugin --enable-java-awt=gtk --enable-gtk-cairo --with-java-home=/usr/lib/jvm/java-1.5.0-gcj-4.8-amd64/jre --enable-java-home --with-jvm-root-dir=/usr/lib/jvm/java-1.5.0-gcj-4.8-amd64 --with-jvm-jar-dir=/usr/lib/jvm-exports/java-1.5.0-gcj-4.8-amd64 --with-arch-directory=amd64 --with-ecj-jar=/usr/share/java/eclipse-ecj.jar --enable-objc-gc --enable-multiarch --disable-werror --with-arch-32=i686 --with-abi=m64 --with-multilib-list=m32,m64,mx32 --with-tune=generic --enable-checking=release --build=x86_64-linux-gnu --host=x86_64-linux-gnu --target=x86_64-linux-gnu
Thread model: posix
gcc version 4.8.1 (Ubuntu/Linaro 4.8.1-10ubuntu9) 
configure:4031: $? = 0
configure:4020: gcc -V >&5
gcc: error: unrecognized command line option '-V'
gcc: fatal error: no input files
compilation terminated.
configure:4031: $? = 4
configure:4020: gcc -qversion >&5
gcc: error: unrecognized command line option '-qversion'
gcc: fatal error: no input files
compilation terminated.
configure:4031: $? = 4
configure:4035: checking whether we are using the GNU C compiler
configure:4054: gcc -c   conftest.c >&5
configure:4054: $? = 0
configure:4063: result: yes
configure:4072: checking whether gcc accepts -g
configure:4092: gcc -c -g  conftest.c >&5
configure:4092: $? = 0
configure:4133: result: yes
configure:4150: checking for gcc option to accept ISO C89
configure:4213: gcc  -c -g -O2  conftest.c >&5
configure:4213: $? = 0
configure:4226: result: none needed
configure:4248: checking dependency style of gcc
configure:4359: result: gcc3
configure:4374: checking for a sed that does not truncate output
configure:4438: result: /bin/sed
configure:4456: checking for grep that handles long lines and -e
configure:4514: result: /bin/grep
configure:4519: checking for egrep
configure:4581: result: /bin/grep -E
configure:4586: checking for fgrep
configure:4648: result: /bin/grep -F
configure:4683: checking for ld used by gcc
configure:4750: result: /usr/bin/ld
configure:4757: checking if the linker (/usr/bin/ld) is GNU ld
configure:4772: result: yes
configure:4784: checking for BSD- or MS-compatible name lister (nm)
configure:4833: result: /usr/bin/nm -B
configure:4963: checking the name lister (/usr/bin/nm -B) interface
configure:4970: g++ -c -g -O2  conftest.cpp >&5
configure:4973: /usr/bin/nm -B "conftest.o"
configure:4976: output
0000000000000000 B some_variable
configure:4983: result: BSD nm
configure:4986: checking whether ln -s works
configure:4990: result: yes
configure:4998: checking the maximum length of command line arguments
configure:5129: result: 1572864
configure:5146: checking whether the shell understands some XSI constructs
configure:5156: result: yes
configure:5160: checking whether the shell understands "+="
configure:5166: result: yes
configure:5201: checking how to convert x86_64-unknown-linux-gnu file names to x86_64-unknown-linux-gnu format
configure:5241: result: func_convert_file_noop
configure:5248: checking how to convert x86_64-unknown-linux-gnu file names to toolchain format
configure:5268: result: func_convert_file_noop
configure:5275: checking for /usr/bin/ld option to reload object files
configure:5282: result: -r
configure:5356: checking for objdump
configure:5372: found /usr/bin/objdump
configure:5383: result: objdump
configure:5415: checking how to recognize dependent libraries
configure:5613: result: pass_all
configure:5698: checking for dlltool
configure:5728: result: no
configure:5758: checking how to associate runtime and link libraries
configure:5785: result: printf %s\n
configure:5846: checking for ar
configure:5862: found /usr/bin/ar
configure:5873: result: ar
configure:5910: checking for archiver @FILE support
configure:5927: g++ -c -g -O2  conftest.cpp >&5
configure:5927: $? = 0
configure:5930: ar cru libconftest.a @conftest.lst >&5
configure:5933: $? = 0
configure:5938: ar cru libconftest.a @conftest.lst >&5
ar: conftest.o: No such file or directory
configure:5941: $? = 1
configure:5953: result: @
configure:6011: checking for strip
configure:6027: found /usr/bin/strip
configure:6038: result: strip
configure:6110: checking for ranlib
configure:6126: found /usr/bin/ranlib
configure:6137: result: ranlib
configure:6239: checking command to parse /usr/bin/nm -B output from gcc object
configure:6359: g++ -c -g -O2  conftest.cpp >&5
configure:6362: $? = 0
configure:6366: /usr/bin/nm -B conftest.o \| sed -n -e 's/^.*[ ]\([ABCDGIRSTW][ABCDGIRSTW]*\)[ ][ ]*\([_A-Za-z][_A-Za-z0-9]*\)$/\1 \2 \2/p' | sed '/ __gnu_lto/d' \> conftest.nm
configure:6369: $? = 0
configure:6435: g++ -o conftest -g -O2   conftest.cpp conftstm.o >&5
configure:6438: $? = 0
configure:6476: result: ok
configure:6513: checking for sysroot
configure:6543: result: no
configure:6621: g++ -c -g -O2  conftest.cpp >&5
configure:6624: $? = 0
configure:6807: checking for mt
configure:6823: found /bin/mt
configure:6834: result: mt
configure:6857: checking if mt is a manifest tool
configure:6863: mt '-?'
configure:6871: result: no
configure:7513: checking how to run the C preprocessor
configure:7544: gcc -E  conftest.c
configure:7544: $? = 0
configure:7558: gcc -E  conftest.c
conftest.c:11:28: fatal error: ac_nonexistent.h: No such file or directory
 #include <ac_nonexistent.h>
                            ^
compilation terminated.
configure:7558: $? = 1
configure: failed program was:
| /* confdefs.h */
| #define PACKAGE_NAME ""
| #define PACKAGE_TARNAME ""
| #define PACKAGE_VERSION ""
| #define PACKAGE_STRING ""
| #define PACKAGE_BUGREPORT ""
| #define PACKAGE_URL ""
| #define PACKAGE "SampleApp"
| #define VERSION "0.1"
| /* end confdefs.h.  */
| #include <ac_nonexistent.h>
configure:7583: result: gcc -E
configure:7603: gcc -E  conftest.c
configure:7603: $? = 0
configure:7617: gcc -E  conftest.c
conftest.c:11:28: fatal error: ac_nonexistent.h: No such file or directory
 #include <ac_nonexistent.h>
                            ^
compilation terminated.
configure:7617: $? = 1
configure: failed program was:
| /* confdefs.h */
| #define PACKAGE_NAME ""
| #define PACKAGE_TARNAME ""
| #define PACKAGE_VERSION ""
| #define PACKAGE_STRING ""
| #define PACKAGE_BUGREPORT ""
| #define PACKAGE_URL ""
| #define PACKAGE "SampleApp"
| #define VERSION "0.1"
| /* end confdefs.h.  */
| #include <ac_nonexistent.h>
configure:7646: checking for ANSI C header files
configure:7666: gcc -c -g -O2  conftest.c >&5
configure:7666: $? = 0
configure:7739: gcc -o conftest -g -O2   conftest.c  >&5
configure:7739: $? = 0
configure:7739: ./conftest
configure:7739: $? = 0
configure:7750: result: yes
configure:7763: checking for sys/types.h
configure:7763: gcc -c -g -O2  conftest.c >&5
configure:7763: $? = 0
configure:7763: result: yes
configure:7763: checking for sys/stat.h
configure:7763: gcc -c -g -O2  conftest.c >&5
configure:7763: $? = 0
configure:7763: result: yes
configure:7763: checking for stdlib.h
configure:7763: gcc -c -g -O2  conftest.c >&5
configure:7763: $? = 0
configure:7763: result: yes
configure:7763: checking for string.h
configure:7763: gcc -c -g -O2  conftest.c >&5
configure:7763: $? = 0
configure:7763: result: yes
configure:7763: checking for memory.h
configure:7763: gcc -c -g -O2  conftest.c >&5
configure:7763: $? = 0
configure:7763: result: yes
configure:7763: checking for strings.h
configure:7763: gcc -c -g -O2  conftest.c >&5
configure:7763: $? = 0
configure:7763: result: yes
configure:7763: checking for inttypes.h
configure:7763: gcc -c -g -O2  conftest.c >&5
configure:7763: $? = 0
configure:7763: result: yes
configure:7763: checking for stdint.h
configure:7763: gcc -c -g -O2  conftest.c >&5
configure:7763: $? = 0
configure:7763: result: yes
configure:7763: checking for unistd.h
configure:7763: gcc -c -g -O2  conftest.c >&5
configure:7763: $? = 0
configure:7763: result: yes
configure:7777: checking for dlfcn.h
configure:7777: gcc -c -g -O2  conftest.c >&5
configure:7777: $? = 0
configure:7777: result: yes
configure:7993: checking for objdir
configure:8008: result: .libs
configure:8279: checking if gcc supports -fno-rtti -fno-exceptions
configure:8297: gcc -c -g -O2  -fno-rtti -fno-exceptions conftest.c >&5
cc1: warning: command line option '-fno-rtti' is valid for C++/ObjC++ but not for C [enabled by default]
configure:8301: $? = 0
configure:8314: result: no
configure:8641: checking for gcc option to produce PIC
configure:8648: result: -fPIC -DPIC
configure:8656: checking if gcc PIC flag -fPIC -DPIC works
configure:8674: gcc -c -g -O2  -fPIC -DPIC -DPIC conftest.c >&5
configure:8678: $? = 0
configure:8691: result: yes
configure:8720: checking if gcc static flag -static works
configure:8748: result: yes
configure:8763: checking if gcc supports -c -o file.o
configure:8784: gcc -c -g -O2  -o out/conftest2.o conftest.c >&5
configure:8788: $? = 0
configure:8810: result: yes
configure:8818: checking if gcc supports -c -o file.o
configure:8865: result: yes
configure:8898: checking whether the gcc linker (/usr/bin/ld -m elf_x86_64) supports shared libraries
configure:10055: result: yes
configure:10092: checking whether -lc should be explicitly linked in
configure:10100: gcc -c -g -O2  conftest.c >&5
configure:10103: $? = 0
configure:10118: gcc -shared  -fPIC -DPIC conftest.o  -v -Wl,-soname -Wl,conftest -o conftest 2\>\&1 \| /bin/grep  -lc  \>/dev/null 2\>\&1
configure:10121: $? = 0
configure:10135: result: no
configure:10295: checking dynamic linker characteristics
configure:10795: gcc -o conftest -g -O2   -Wl,-rpath -Wl,/foo conftest.c  >&5
configure:10795: $? = 0
configure:11029: result: GNU/Linux ld.so
configure:11136: checking how to hardcode library paths into programs
configure:11161: result: immediate
configure:11701: checking whether stripping libraries is possible
configure:11706: result: yes
configure:11741: checking if libtool supports shared libraries
configure:11743: result: yes
configure:11746: checking whether to build shared libraries
configure:11767: result: yes
configure:11770: checking whether to build static libraries
configure:11774: result: yes
configure:11797: checking how to run the C++ preprocessor
configure:11824: g++ -E  conftest.cpp
configure:11824: $? = 0
configure:11838: g++ -E  conftest.cpp
conftest.cpp:23:28: fatal error: ac_nonexistent.h: No such file or directory
 #include <ac_nonexistent.h>
                            ^
compilation terminated.
configure:11838: $? = 1
configure: failed program was:
| /* confdefs.h */
| #define PACKAGE_NAME ""
| #define PACKAGE_TARNAME ""
| #define PACKAGE_VERSION ""
| #define PACKAGE_STRING ""
| #define PACKAGE_BUGREPORT ""
| #define PACKAGE_URL ""
| #define PACKAGE "SampleApp"
| #define VERSION "0.1"
| #define STDC_HEADERS 1
| #define HAVE_SYS_TYPES_H 1
| #define HAVE_SYS_STAT_H 1
| #define HAVE_STDLIB_H 1
| #define HAVE_STRING_H 1
| #define HAVE_MEMORY_H 1
| #define HAVE_STRINGS_H 1
| #define HAVE_INTTYPES_H 1
| #define HAVE_STDINT_H 1
| #define HAVE_UNISTD_H 1
| #define HAVE_DLFCN_H 1
| #define LT_OBJDIR ".libs/"
| /* end confdefs.h.  */
| #include <ac_nonexistent.h>
configure:11863: result: g++ -E
configure:11883: g++ -E  conftest.cpp
configure:11883: $? = 0
configure:11897: g++ -E  conftest.cpp
conftest.cpp:23:28: fatal error: ac_nonexistent.h: No such file or directory
 #include <ac_nonexistent.h>
                            ^
compilation terminated.
configure:11897: $? = 1
configure: failed program was:
| /* confdefs.h */
| #define PACKAGE_NAME ""
| #define PACKAGE_TARNAME ""
| #define PACKAGE_VERSION ""
| #define PACKAGE_STRING ""
| #define PACKAGE_BUGREPORT ""
| #define PACKAGE_URL ""
| #define PACKAGE "SampleApp"
| #define VERSION "0.1"
| #define STDC_HEADERS 1
| #define HAVE_SYS_TYPES_H 1
| #define HAVE_SYS_STAT_H 1
| #define HAVE_STDLIB_H 1
| #define HAVE_STRING_H 1
| #define HAVE_MEMORY_H 1
| #define HAVE_STRINGS_H 1
| #define HAVE_INTTYPES_H 1
| #define HAVE_STDINT_H 1
| #define HAVE_UNISTD_H 1
| #define HAVE_DLFCN_H 1
| #define LT_OBJDIR ".libs/"
| /* end confdefs.h.  */
| #include <ac_nonexistent.h>
configure:12066: checking for ld used by g++
configure:12133: result: /usr/bin/ld -m elf_x86_64
configure:12140: checking if the linker (/usr/bin/ld -m elf_x86_64) is GNU ld
configure:12155: result: yes
configure:12210: checking whether the g++ linker (/usr/bin/ld -m elf_x86_64) supports shared libraries
configure:13212: result: yes
configure:13248: g++ -c -g -O2  conftest.cpp >&5
configure:13251: $? = 0
configure:13771: checking for g++ option to produce PIC
configure:13778: result: -fPIC -DPIC
configure:13786: checking if g++ PIC flag -fPIC -DPIC works
configure:13804: g++ -c -g -O2  -fPIC -DPIC -DPIC conftest.cpp >&5
configure:13808: $? = 0
configure:13821: result: yes
configure:13844: checking if g++ static flag -static works
configure:13872: result: yes
configure:13884: checking if g++ supports -c -o file.o
configure:13905: g++ -c -g -O2  -o out/conftest2.o conftest.cpp >&5
configure:13909: $? = 0
configure:13931: result: yes
configure:13936: checking if g++ supports -c -o file.o
configure:13983: result: yes
configure:14013: checking whether the g++ linker (/usr/bin/ld -m elf_x86_64) supports shared libraries
configure:14052: result: yes
configure:14193: checking dynamic linker characteristics
configure:14861: result: GNU/Linux ld.so
configure:14914: checking how to hardcode library paths into programs
configure:14939: result: immediate
configure:15055: checking for pkg-config
configure:15073: found /usr/bin/pkg-config
configure:15085: result: /usr/bin/pkg-config
configure:15110: checking pkg-config is at least version 0.9.0
configure:15113: result: yes
configure:15123: checking for OGRE
configure:15130: $PKG_CONFIG --exists --print-errors "OGRE >= 1.2"
configure:15133: $? = 0
configure:15147: $PKG_CONFIG --exists --print-errors "OGRE >= 1.2"
configure:15150: $? = 0
configure:15208: result: yes
configure:15217: checking for OIS
configure:15224: $PKG_CONFIG --exists --print-errors "OIS >= 1.0"
configure:15227: $? = 0
configure:15241: $PKG_CONFIG --exists --print-errors "OIS >= 1.0"
configure:15244: $? = 0
configure:15302: result: yes
configure:15419: checking that generated files are newer than configure
configure:15425: result: done
configure:15452: creating ./config.status

## ---------------------- ##
## Running config.status. ##
## ---------------------- ##

This file was extended by config.status, which was
generated by GNU Autoconf 2.69.  Invocation command line was

  CONFIG_FILES    = 
  CONFIG_HEADERS  = 
  CONFIG_LINKS    = 
  CONFIG_COMMANDS = 
  $ ./config.status 

on kyeh-dv6t

config.status:1150: creating Makefile
config.status:1150: creating config.h
config.status:1331: config.h is unchanged
config.status:1379: executing depfiles commands
config.status:1379: executing libtool commands

## ---------------- ##
## Cache variables. ##
## ---------------- ##

ac_cv_build=x86_64-unknown-linux-gnu
ac_cv_c_compiler_gnu=yes
ac_cv_cxx_compiler_gnu=yes
ac_cv_env_CCC_set=
ac_cv_env_CCC_value=
ac_cv_env_CC_set=
ac_cv_env_CC_value=
ac_cv_env_CFLAGS_set=
ac_cv_env_CFLAGS_value=
ac_cv_env_CPPFLAGS_set=
ac_cv_env_CPPFLAGS_value=
ac_cv_env_CPP_set=
ac_cv_env_CPP_value=
ac_cv_env_CXXCPP_set=
ac_cv_env_CXXCPP_value=
ac_cv_env_CXXFLAGS_set=
ac_cv_env_CXXFLAGS_value=
ac_cv_env_CXX_set=
ac_cv_env_CXX_value=
ac_cv_env_LDFLAGS_set=
ac_cv_env_LDFLAGS_value=
ac_cv_env_LIBS_set=
ac_cv_env_LIBS_value=
ac_cv_env_OGRE_CFLAGS_set=
ac_cv_env_OGRE_CFLAGS_value=
ac_cv_env_OGRE_LIBS_set=
ac_cv_env_OGRE_LIBS_value=
ac_cv_env_OIS_CFLAGS_set=
ac_cv_env_OIS_CFLAGS_value=
ac_cv_env_OIS_LIBS_set=
ac_cv_env_OIS_LIBS_value=
ac_cv_env_PKG_CONFIG_LIBDIR_set=
ac_cv_env_PKG_CONFIG_LIBDIR_value=
ac_cv_env_PKG_CONFIG_PATH_set=
ac_cv_env_PKG_CONFIG_PATH_value=
ac_cv_env_PKG_CONFIG_set=
ac_cv_env_PKG_CONFIG_value=
ac_cv_env_build_alias_set=
ac_cv_env_build_alias_value=
ac_cv_env_host_alias_set=
ac_cv_env_host_alias_value=
ac_cv_env_target_alias_set=
ac_cv_env_target_alias_value=
ac_cv_header_dlfcn_h=yes
ac_cv_header_inttypes_h=yes
ac_cv_header_memory_h=yes
ac_cv_header_stdc=yes
ac_cv_header_stdint_h=yes
ac_cv_header_stdlib_h=yes
ac_cv_header_string_h=yes
ac_cv_header_strings_h=yes
ac_cv_header_sys_stat_h=yes
ac_cv_header_sys_types_h=yes
ac_cv_header_unistd_h=yes
ac_cv_host=x86_64-unknown-linux-gnu
ac_cv_objext=o
ac_cv_path_EGREP='/bin/grep -E'
ac_cv_path_FGREP='/bin/grep -F'
ac_cv_path_GREP=/bin/grep
ac_cv_path_SED=/bin/sed
ac_cv_path_ac_pt_PKG_CONFIG=/usr/bin/pkg-config
ac_cv_path_install='/usr/bin/install -c'
ac_cv_path_mkdir=/bin/mkdir
ac_cv_prog_AWK=mawk
ac_cv_prog_CPP='gcc -E'
ac_cv_prog_CXXCPP='g++ -E'
ac_cv_prog_ac_ct_AR=ar
ac_cv_prog_ac_ct_CC=gcc
ac_cv_prog_ac_ct_CXX=g++
ac_cv_prog_ac_ct_MANIFEST_TOOL=mt
ac_cv_prog_ac_ct_OBJDUMP=objdump
ac_cv_prog_ac_ct_RANLIB=ranlib
ac_cv_prog_ac_ct_STRIP=strip
ac_cv_prog_cc_c89=
ac_cv_prog_cc_g=yes
ac_cv_prog_cxx_g=yes
ac_cv_prog_make_make_set=yes
am_cv_CC_dependencies_compiler_type=gcc3
am_cv_CXX_dependencies_compiler_type=gcc3
am_cv_make_support_nested_variables=yes
lt_cv_ar_at_file=@
lt_cv_archive_cmds_need_lc=no
lt_cv_deplibs_check_method=pass_all
lt_cv_file_magic_cmd='$MAGIC_CMD'
lt_cv_file_magic_test_file=
lt_cv_ld_reload_flag=-r
lt_cv_nm_interface='BSD nm'
lt_cv_objdir=.libs
lt_cv_path_LD=/usr/bin/ld
lt_cv_path_LDCXX='/usr/bin/ld -m elf_x86_64'
lt_cv_path_NM='/usr/bin/nm -B'
lt_cv_path_mainfest_tool=no
lt_cv_prog_compiler_c_o=yes
lt_cv_prog_compiler_c_o_CXX=yes
lt_cv_prog_compiler_pic='-fPIC -DPIC'
lt_cv_prog_compiler_pic_CXX='-fPIC -DPIC'
lt_cv_prog_compiler_pic_works=yes
lt_cv_prog_compiler_pic_works_CXX=yes
lt_cv_prog_compiler_rtti_exceptions=no
lt_cv_prog_compiler_static_works=yes
lt_cv_prog_compiler_static_works_CXX=yes
lt_cv_prog_gnu_ld=yes
lt_cv_prog_gnu_ldcxx=yes
lt_cv_sharedlib_from_linklib_cmd='printf %s\n'
lt_cv_shlibpath_overrides_runpath=no
lt_cv_sys_global_symbol_pipe='sed -n -e '\''s/^.*[	 ]\([ABCDGIRSTW][ABCDGIRSTW]*\)[	 ][	 ]*\([_A-Za-z][_A-Za-z0-9]*\)$/\1 \2 \2/p'\'' | sed '\''/ __gnu_lto/d'\'''
lt_cv_sys_global_symbol_to_c_name_address='sed -n -e '\''s/^: \([^ ]*\)[ ]*$/  {\"\1\", (void *) 0},/p'\'' -e '\''s/^[ABCDGIRSTW]* \([^ ]*\) \([^ ]*\)$/  {"\2", (void *) \&\2},/p'\'''
lt_cv_sys_global_symbol_to_c_name_address_lib_prefix='sed -n -e '\''s/^: \([^ ]*\)[ ]*$/  {\"\1\", (void *) 0},/p'\'' -e '\''s/^[ABCDGIRSTW]* \([^ ]*\) \(lib[^ ]*\)$/  {"\2", (void *) \&\2},/p'\'' -e '\''s/^[ABCDGIRSTW]* \([^ ]*\) \([^ ]*\)$/  {"lib\2", (void *) \&\2},/p'\'''
lt_cv_sys_global_symbol_to_cdecl='sed -n -e '\''s/^T .* \(.*\)$/extern int \1();/p'\'' -e '\''s/^[ABCDGIRSTW]* .* \(.*\)$/extern char \1;/p'\'''
lt_cv_sys_max_cmd_len=1572864
lt_cv_to_host_file_cmd=func_convert_file_noop
lt_cv_to_tool_file_cmd=func_convert_file_noop
pkg_cv_OGRE_CFLAGS='-pthread -I/usr/local/include -I/usr/local/include/OGRE  '
pkg_cv_OGRE_LIBS='-L/usr/local/lib -lOgreMain -lpthread  '
pkg_cv_OIS_CFLAGS='-I/usr/include/ois  '
pkg_cv_OIS_LIBS='-lOIS  '

## ----------------- ##
## Output variables. ##
## ----------------- ##

ACLOCAL='${SHELL} /home/kyeh/cs/git/Game-Technology/a1/missing aclocal-1.13'
AMDEPBACKSLASH='\'
AMDEP_FALSE='#'
AMDEP_TRUE=''
AMTAR='$${TAR-tar}'
AM_BACKSLASH='\'
AM_DEFAULT_V='$(AM_DEFAULT_VERBOSITY)'
AM_DEFAULT_VERBOSITY='1'
AM_V='$(V)'
AR='ar'
AUTOCONF='${SHELL} /home/kyeh/cs/git/Game-Technology/a1/missing autoconf'
AUTOHEADER='${SHELL} /home/kyeh/cs/git/Game-Technology/a1/missing autoheader'
AUTOMAKE='${SHELL} /home/kyeh/cs/git/Game-Technology/a1/missing automake-1.13'
AWK='mawk'
CC='gcc'
CCDEPMODE='depmode=gcc3'
CFLAGS='-g -O2'
CPP='gcc -E'
CPPFLAGS=''
CXX='g++'
CXXCPP='g++ -E'
CXXDEPMODE='depmode=gcc3'
CXXFLAGS='-g -O2'
CYGPATH_W='echo'
DEFS='-DHAVE_CONFIG_H'
DEPDIR='.deps'
DLLTOOL='false'
DSYMUTIL=''
DUMPBIN=''
ECHO_C=''
ECHO_N='-n'
ECHO_T=''
EGREP='/bin/grep -E'
EXEEXT=''
FGREP='/bin/grep -F'
GREP='/bin/grep'
INSTALL_DATA='${INSTALL} -m 644'
INSTALL_PROGRAM='${INSTALL}'
INSTALL_SCRIPT='${INSTALL}'
INSTALL_STRIP_PROGRAM='$(install_sh) -c -s'
LD='/usr/bin/ld -m elf_x86_64'
LDFLAGS=''
LIBOBJS=''
LIBS=''
LIBTOOL='$(SHELL) $(top_builddir)/libtool'
LIPO=''
LN_S='ln -s'
LTLIBOBJS=''
MAKEINFO='${SHELL} /home/kyeh/cs/git/Game-Technology/a1/missing makeinfo'
MANIFEST_TOOL=':'
MKDIR_P='/bin/mkdir -p'
NM='/usr/bin/nm -B'
NMEDIT=''
OBJDUMP='objdump'
OBJEXT='o'
OGRE_CFLAGS='-pthread -I/usr/local/include -I/usr/local/include/OGRE  '
OGRE_LIBS='-L/usr/local/lib -lOgreMain -lpthread  '
OIS_CFLAGS='-I/usr/include/ois  '
OIS_LIBS='-lOIS  '
OTOOL64=''
OTOOL=''
PACKAGE='SampleApp'
PACKAGE_BUGREPORT=''
PACKAGE_NAME=''
PACKAGE_STRING=''
PACKAGE_TARNAME=''
PACKAGE_URL=''
PACKAGE_VERSION=''
PATH_SEPARATOR=':'
PKG_CONFIG='/usr/bin/pkg-config'
PKG_CONFIG_LIBDIR=''
PKG_CONFIG_PATH=''
RANLIB='ranlib'
SED='/bin/sed'
SET_MAKE=''
SHELL='/bin/bash'
STRIP='strip'
VERSION='0.1'
ac_ct_AR='ar'
ac_ct_CC='gcc'
ac_ct_CXX='g++'
ac_ct_DUMPBIN=''
am__EXEEXT_FALSE=''
am__EXEEXT_TRUE='#'
am__fastdepCC_FALSE='#'
am__fastdepCC_TRUE=''
am__fastdepCXX_FALSE='#'
am__fastdepCXX_TRUE=''
am__include='include'
am__isrc=''
am__leading_dot='.'
am__nodep='_no'
am__quote=''
am__tar='$${TAR-tar} chof - "$$tardir"'
am__untar='$${TAR-tar} xf -'
bindir='${exec_prefix}/bin'
build='x86_64-unknown-linux-gnu'
build_alias=''
build_cpu='x86_64'
build_os='linux-gnu'
build_vendor='unknown'
datadir='${datarootdir}'
datarootdir='${prefix}/share'
docdir='${datarootdir}/doc/${PACKAGE}'
dvidir='${docdir}'
exec_prefix='${prefix}'
host='x86_64-unknown-linux-gnu'
host_alias=''
host_cpu='x86_64'
host_os='linux-gnu'
host_vendor='unknown'
htmldir='${docdir}'
includedir='${prefix}/include'
infodir='${datarootdir}/info'
install_sh='${SHELL} /home/kyeh/cs/git/Game-Technology/a1/install-sh'
libdir='${exec_prefix}/lib'
libexecdir='${exec_prefix}/libexec'
localedir='${datarootdir}/locale'
localstatedir='${prefix}/var'
mandir='${datarootdir}/man'
mkdir_p='$(MKDIR_P)'
oldincludedir='/usr/include'
pdfdir='${docdir}'
prefix='/usr/local'
program_transform_name='s,x,x,'
psdir='${docdir}'
sbindir='${exec_prefix}/sbin'
sharedstatedir='${prefix}/com'
sysconfdir='${prefix}/etc'
target_alias=''

## ----------- ##
## confdefs.h. ##
## ----------- ##

/* confdefs.h */
#define PACKAGE_NAME ""
#define PACKAGE_TARNAME ""
#define PACKAGE_VERSION ""
#define PACKAGE_STRING ""
#define PACKAGE_BUGREPORT ""
#define PACKAGE_URL ""
#define PACKAGE "SampleApp"
#define VERSION "0.1"
#define STDC_HEADERS 1
#define HAVE_SYS_TYPES_H 1
#define HAVE_SYS_STAT_H 1
#define HAVE_STDLIB_H 1
#define HAVE_STRING_H 1
#define HAVE_MEMORY_H 1
#define HAVE_STRINGS_H 1
#define HAVE_INTTYPES_H 1
#define HAVE_STDINT_H 1
#define HAVE_UNISTD_H 1
#define HAVE_DLFCN_H 1
#define LT_OBJDIR ".libs/"

configure: exit 0

## ---------------------- ##
## Running config.status. ##
## ---------------------- ##

This file was extended by config.status, which was
generated by GNU Autoconf 2.69.  Invocation command line was

  CONFIG_FILES    = 
  CONFIG_HEADERS  = 
  CONFIG_LINKS    = 
  CONFIG_COMMANDS = 
  $ ./config.status config.h

on kyeh-dv6t

config.status:1150: creating config.h
config.status:1331: config.h is unchanged

## ---------------------- ##
## Running config.status. ##
## ---------------------- ##

This file was extended by config.status, which was
generated by GNU Autoconf 2.69.  Invocation command line was

  CONFIG_FILES    = 
  CONFIG_HEADERS  = 
  CONFIG_LINKS    = 
  CONFIG_COMMANDS = 
  $ ./config.status Makefile depfiles

on kyeh-dv6t

config.status:1150: creating Makefile
config.status:1379: executing depfiles commands

## ---------------------- ##
## Running config.status. ##
## ---------------------- ##

This file was extended by config.status, which was
generated by GNU Autoconf 2.69.  Invocation command line was

  CONFIG_FILES    = 
  CONFIG_HEADERS  = 
  CONFIG_LINKS    = 
  CONFIG_COMMANDS = 
  $ ./config.status Makefile depfiles

on kyeh-dv6t

config.status:1150: creating Makefile
config.status:1379: executing depfiles commands

## ---------------------- ##
## Running config.status. ##
## ---------------------- ##

This file was extended by config.status, which was
generated by GNU Autoconf 2.69.  Invocation command line was

  CONFIG_FILES    = 
  CONFIG_HEADERS  = 
  CONFIG_LINKS    = 
  CONFIG_COMMANDS = 
  $ ./config.status Makefile depfiles

on kyeh-dv6t

config.status:1150: creating Makefile
config.status:1379: executing depfiles commands

## ---------------------- ##
## Running config.status. ##
## ---------------------- ##

This file was extended by config.status, which was
generated by GNU Autoconf 2.69.  Invocation command line was

  CONFIG_FILES    = 
  CONFIG_HEADERS  = 
  CONFIG_LINKS    = 
  CONFIG_COMMANDS = 
  $ ./config.status Makefile depfiles

on kyeh-dv6t

config.status:1150: creating Makefile
config.status:1379: executing depfiles commands

## ---------------------- ##
## Running config.status. ##
## ---------------------- ##

This file was extended by config.status, which was
generated by GNU Autoconf 2.69.  Invocation command line was

  CONFIG_FILES    = 
  CONFIG_HEADERS  = 
  CONFIG_LINKS    = 
  CONFIG_COMMANDS = 
  $ ./config.status Makefile depfiles

on kyeh-dv6t

config.status:1150: creating Makefile
config.status:1379: executing depfiles commands

## ---------------------- ##
## Running config.status. ##
## ---------------------- ##

This file was extended by config.status, which was
generated by GNU Autoconf 2.69.  Invocation command line was

  CONFIG_FILES    = 
  CONFIG_HEADERS  = 
  CONFIG_LINKS    = 
  CONFIG_COMMANDS = 
  $ ./config.status Makefile depfiles

on kyeh-dv6t

config.status:1150: creating Makefile
config.status:1379: executing depfiles commands

## ---------------------- ##
## Running config.status. ##
## ---------------------- ##

This file was extended by config.status, which was
generated by GNU Autoconf 2.69.  Invocation command line was

  CONFIG_FILES    = 
  CONFIG_HEADERS  = 
  CONFIG_LINKS    = 
  CONFIG_COMMANDS = 
  $ ./config.status Makefile depfiles

on kyeh-dv6t

config.status:1150: creating Makefile
config.status:1379: executing depfiles commands

## ---------------------- ##
## Running config.status. ##
## ---------------------- ##

This file was extended by config.status, which was
generated by GNU Autoconf 2.69.  Invocation command line was

  CONFIG_FILES    = 
  CONFIG_HEADERS  = 
  CONFIG_LINKS    = 
  CONFIG_COMMANDS = 
  $ ./config.status Makefile depfiles

on kyeh-dv6t

config.status:1150: creating Makefile
config.status:1379: executing depfiles commands

## ---------------------- ##
## Running config.status. ##
## ---------------------- ##

This file was extended by config.status, which was
generated by GNU Autoconf 2.69.  Invocation command line was

  CONFIG_FILES    = 
  CONFIG_HEADERS  = 
  CONFIG_LINKS    = 
  CONFIG_COMMANDS = 
  $ ./config.status Makefile depfiles

on kyeh-dv6t

config.status:1150: creating Makefile
config.status:1379: executing depfiles commands

## ---------------------- ##
## Running config.status. ##
## ---------------------- ##

This file was extended by config.status, which was
generated by GNU Autoconf 2.69.  Invocation command line was

  CONFIG_FILES    = 
  CONFIG_HEADERS  = 
  CONFIG_LINKS    = 
  CONFIG_COMMANDS = 
  $ ./config.status Makefile depfiles

on kyeh-dv6t

config.status:1150: creating Makefile
config.status:1379: executing depfiles commands

## ---------------------- ##
## Running config.status. ##
## ---------------------- ##

This file was extended by config.status, which was
generated by GNU Autoconf 2.69.  Invocation command line was

  CONFIG_FILES    = 
  CONFIG_HEADERS  = 
  CONFIG_LINKS    = 
  CONFIG_COMMANDS = 
  $ ./config.status Makefile depfiles

on kyeh-dv6t

config.status:1150: creating Makefile
config.status:1379: executing depfiles commands

## ---------------------- ##
## Running config.status. ##
## ---------------------- ##

This file was extended by config.status, which was
generated by GNU Autoconf 2.69.  Invocation command line was

  CONFIG_FILES    = 
  CONFIG_HEADERS  = 
  CONFIG_LINKS    = 
  CONFIG_COMMANDS = 
  $ ./config.status Makefile depfiles

on kyeh-dv6t

config.status:1150: creating Makefile
config.status:1379: executing depfiles commands

## ---------------------- ##
## Running config.status. ##
## ---------------------- ##

This file was extended by config.status, which was
generated by GNU Autoconf 2.69.  Invocation command line was

  CONFIG_FILES    = 
  CONFIG_HEADERS  = 
  CONFIG_LINKS    = 
  CONFIG_COMMANDS = 
  $ ./config.status Makefile depfiles

on kyeh-dv6t

config.status:1150: creating Makefile
config.status:1379: executing depfiles commands

## ---------------------- ##
## Running config.status. ##
## ---------------------- ##

This file was extended by config.status, which was
generated by GNU Autoconf 2.69.  Invocation command line was

  CONFIG_FILES    = 
  CONFIG_HEADERS  = 
  CONFIG_LINKS    = 
  CONFIG_COMMANDS = 
  $ ./config.status Makefile depfiles

on kyeh-dv6t

config.status:1150: creating Makefile
config.status:1379: executing depfiles commands

## ---------------------- ##
## Running config.status. ##
## ---------------------- ##

This file was extended by config.status, which was
generated by GNU Autoconf 2.69.  Invocation command line was

  CONFIG_FILES    = 
  CONFIG_HEADERS  = 
  CONFIG_LINKS    = 
  CONFIG_COMMANDS = 
  $ ./config.status Makefile depfiles

on kyeh-dv6t

config.status:1150: creating Makefile
config.status:1379: executing depfiles commands
