15:36:05: Creating resource group General
15:36:05: Creating resource group Internal
15:36:05: Creating resource group Autodetect
15:36:05: SceneManagerFactory for type 'DefaultSceneManager' registered.
15:36:05: Registering ResourceManager for type Material
15:36:05: Registering ResourceManager for type Mesh
15:36:05: Registering ResourceManager for type Skeleton
15:36:05: MovableObjectFactory for type 'ParticleSystem' registered.
15:36:05: OverlayElementFactory for type Panel registered.
15:36:05: OverlayElementFactory for type BorderPanel registered.
15:36:05: OverlayElementFactory for type TextArea registered.
15:36:05: Registering ResourceManager for type Font
15:36:05: ArchiveFactory for archive type FileSystem registered.
15:36:05: ArchiveFactory for archive type Zip registered.
15:36:05: ArchiveFactory for archive type EmbeddedZip registered.
15:36:05: DDS codec registering
15:36:05: FreeImage version: 3.15.1
15:36:05: This program uses FreeImage, a free, open source image library supporting all common bitmap formats. See http://freeimage.sourceforge.net for details
15:36:05: Supported formats: bmp,ico,jpg,jif,jpeg,jpe,jng,koa,iff,lbm,mng,pbm,pbm,pcd,pcx,pgm,pgm,png,ppm,ppm,ras,tga,targa,tif,tiff,wap,wbmp,wbm,psd,cut,xbm,xpm,gif,hdr,g3,sgi,exr,j2k,j2c,jp2,pfm,pct,pict,pic,3fr,arw,bay,bmq,cap,cine,cr2,crw,cs1,dc2,dcr,drf,dsc,dng,erf,fff,ia,iiq,k25,kc2,kdc,mdc,mef,mos,mrw,nef,nrw,orf,pef,ptx,pxn,qtk,raf,raw,rdc,rw2,rwl,rwz,sr2,srf,sti
15:36:05: Registering ResourceManager for type HighLevelGpuProgram
15:36:05: Registering ResourceManager for type Compositor
15:36:05: MovableObjectFactory for type 'Entity' registered.
15:36:05: MovableObjectFactory for type 'Light' registered.
15:36:05: MovableObjectFactory for type 'BillboardSet' registered.
15:36:05: MovableObjectFactory for type 'ManualObject' registered.
15:36:05: MovableObjectFactory for type 'BillboardChain' registered.
15:36:05: MovableObjectFactory for type 'RibbonTrail' registered.
15:36:05: Loading library /usr/local/lib/OGRE/RenderSystem_GL
15:36:05: Installing plugin: GL RenderSystem
15:36:05: OpenGL Rendering Subsystem created.
15:36:06: Plugin successfully installed
15:36:06: Loading library /usr/local/lib/OGRE/Plugin_ParticleFX
15:36:06: Installing plugin: ParticleFX
15:36:06: Particle Emitter Type 'Point' registered
15:36:06: Particle Emitter Type 'Box' registered
15:36:06: Particle Emitter Type 'Ellipsoid' registered
15:36:06: Particle Emitter Type 'Cylinder' registered
15:36:06: Particle Emitter Type 'Ring' registered
15:36:06: Particle Emitter Type 'HollowEllipsoid' registered
15:36:06: Particle Affector Type 'LinearForce' registered
15:36:06: Particle Affector Type 'ColourFader' registered
15:36:06: Particle Affector Type 'ColourFader2' registered
15:36:06: Particle Affector Type 'ColourImage' registered
15:36:06: Particle Affector Type 'ColourInterpolator' registered
15:36:06: Particle Affector Type 'Scaler' registered
15:36:06: Particle Affector Type 'Rotator' registered
15:36:06: Particle Affector Type 'DirectionRandomiser' registered
15:36:06: Particle Affector Type 'DeflectorPlane' registered
15:36:06: Plugin successfully installed
15:36:06: Loading library /usr/local/lib/OGRE/Plugin_BSPSceneManager
15:36:06: Installing plugin: BSP Scene Manager
15:36:06: Plugin successfully installed
15:36:06: Loading library /usr/local/lib/OGRE/Plugin_PCZSceneManager
15:36:06: Installing plugin: Portal Connected Zone Scene Manager
15:36:06: PCZone Factory Type 'ZoneType_Default' registered
15:36:06: Plugin successfully installed
15:36:06: Loading library /usr/local/lib/OGRE/Plugin_OctreeZone
15:36:06: Installing plugin: Octree Zone Factory
15:36:06: Plugin successfully installed
15:36:06: Loading library /usr/local/lib/OGRE/Plugin_OctreeSceneManager
15:36:06: Installing plugin: Octree Scene Manager
15:36:06: Plugin successfully installed
15:36:06: *-*-* OGRE Initialising
15:36:06: *-*-* Version 1.8.1 (Byatis)
15:36:06: Creating resource group Essential
15:36:06: Added resource location 'media/packs/SdkTrays.zip' of type 'Zip' to resource group 'Essential'
15:36:06: Added resource location 'media' of type 'FileSystem' to resource group 'General'
15:36:06: Added resource location 'media/materials/scripts' of type 'FileSystem' to resource group 'General'
15:36:06: Added resource location 'media/materials/textures' of type 'FileSystem' to resource group 'General'
15:36:06: Added resource location 'media/materials/programs' of type 'FileSystem' to resource group 'General'
15:36:06: Added resource location 'media/models' of type 'FileSystem' to resource group 'General'
15:36:06: Added resource location 'media/fonts' of type 'FileSystem' to resource group 'General'
15:36:06: Added resource location 'media/particle' of type 'FileSystem' to resource group 'General'
15:36:06: Added resource location 'media/PCZAppMedia' of type 'FileSystem' to resource group 'General'
15:36:06: Added resource location 'media/RTShaderLib' of type 'FileSystem' to resource group 'General'
15:36:06: Added resource location 'media/RTShaderLib/materials' of type 'FileSystem' to resource group 'General'
15:36:07: CPU Identifier & Features
15:36:07: -------------------------
15:36:07:  *   CPU ID: GenuineIntel: Intel(R) Core(TM) i7-2630QM CPU @ 2.00GHz
15:36:07:  *      SSE: yes
15:36:07:  *     SSE2: yes
15:36:07:  *     SSE3: yes
15:36:07:  *      MMX: yes
15:36:07:  *   MMXEXT: yes
15:36:07:  *    3DNOW: no
15:36:07:  * 3DNOWEXT: no
15:36:07:  *     CMOV: yes
15:36:07:  *      TSC: yes
15:36:07:  *      FPU: yes
15:36:07:  *      PRO: yes
15:36:07:  *       HT: no
15:36:07: -------------------------
15:36:07: ******************************
*** Starting GLX Subsystem ***
******************************
15:36:07: Registering ResourceManager for type Texture
15:36:07: GLRenderSystem::_createRenderWindow "CS 354R - Assignment 1 (Ball Demo)", 1152x864 windowed  miscParams: FSAA=0 displayFrequency=60 MHz gamma=No vsync=No 
15:36:07: GLXWindow::create used FBConfigID = 139
15:36:07: GL_VERSION = 3.0 Mesa 9.2.1
15:36:07: GL_VENDOR = Intel Open Source Technology Center
15:36:07: GL_RENDERER = Mesa DRI Intel(R) Sandybridge Mobile 
15:36:07: GL_EXTENSIONS = GL_ARB_multisample GL_EXT_abgr GL_EXT_bgra GL_EXT_blend_color GL_EXT_blend_minmax GL_EXT_blend_subtract GL_EXT_copy_texture GL_EXT_polygon_offset GL_EXT_subtexture GL_EXT_texture_object GL_EXT_vertex_array GL_EXT_compiled_vertex_array GL_EXT_texture GL_EXT_texture3D GL_IBM_rasterpos_clip GL_ARB_point_parameters GL_EXT_draw_range_elements GL_EXT_packed_pixels GL_EXT_point_parameters GL_EXT_rescale_normal GL_EXT_separate_specular_color GL_EXT_texture_edge_clamp GL_SGIS_generate_mipmap GL_SGIS_texture_border_clamp GL_SGIS_texture_edge_clamp GL_SGIS_texture_lod GL_ARB_framebuffer_sRGB GL_ARB_multitexture GL_EXT_framebuffer_sRGB GL_IBM_multimode_draw_arrays GL_IBM_texture_mirrored_repeat GL_3DFX_texture_compression_FXT1 GL_ARB_texture_cube_map GL_ARB_texture_env_add GL_ARB_transpose_matrix GL_EXT_blend_func_separate GL_EXT_fog_coord GL_EXT_multi_draw_arrays GL_EXT_secondary_color GL_EXT_texture_env_add GL_EXT_texture_filter_anisotropic GL_EXT_texture_lod_bias GL_INGR_blend_func_separate GL_NV_blend_square GL_NV_light_max_exponent GL_NV_texgen_reflection GL_NV_texture_env_combine4 GL_S3_s3tc GL_SUN_multi_draw_arrays GL_ARB_texture_border_clamp GL_ARB_texture_compression GL_EXT_framebuffer_object GL_EXT_texture_compression_s3tc GL_EXT_texture_env_combine GL_EXT_texture_env_dot3 GL_MESA_window_pos GL_NV_packed_depth_stencil GL_NV_texture_rectangle GL_ARB_depth_texture GL_ARB_occlusion_query GL_ARB_shadow GL_ARB_texture_env_combine GL_ARB_texture_env_crossbar GL_ARB_texture_env_dot3 GL_ARB_texture_mirrored_repeat GL_ARB_window_pos GL_ATI_envmap_bumpmap GL_EXT_stencil_two_side GL_EXT_texture_cube_map GL_NV_depth_clamp GL_APPLE_packed_pixels GL_APPLE_vertex_array_object GL_ARB_draw_buffers GL_ARB_fragment_program GL_ARB_fragment_shader GL_ARB_shader_objects GL_ARB_vertex_program GL_ARB_vertex_shader GL_ATI_draw_buffers GL_ATI_texture_env_combine3 GL_ATI_texture_float GL_EXT_shadow_funcs GL_EXT_stencil_wrap GL_MESA_pack_invert GL_MESA_ycbcr_texture GL_NV_primitive_restart GL_ARB_depth_clamp GL_ARB_fragment_program_shadow GL_ARB_half_float_pixel GL_ARB_occlusion_query2 GL_ARB_point_sprite GL_ARB_shading_language_100 GL_ARB_sync GL_ARB_texture_non_power_of_two GL_ARB_vertex_buffer_object GL_ATI_blend_equation_separate GL_EXT_blend_equation_separate GL_OES_read_format GL_ARB_color_buffer_float GL_ARB_pixel_buffer_object GL_ARB_texture_compression_rgtc GL_ARB_texture_float GL_ARB_texture_rectangle GL_EXT_packed_float GL_EXT_pixel_buffer_object GL_EXT_texture_compression_dxt1 GL_EXT_texture_compression_rgtc GL_EXT_texture_rectangle GL_EXT_texture_sRGB GL_EXT_texture_shared_exponent GL_ARB_framebuffer_object GL_EXT_framebuffer_blit GL_EXT_framebuffer_multisample GL_EXT_packed_depth_stencil GL_APPLE_object_purgeable GL_ARB_vertex_array_object GL_ATI_separate_stencil GL_EXT_draw_buffers2 GL_EXT_draw_instanced GL_EXT_gpu_program_parameters GL_EXT_texture_array GL_EXT_texture_integer GL_EXT_texture_sRGB_decode GL_EXT_timer_query GL_OES_EGL_image GL_MESA_texture_array GL_ARB_copy_buffer GL_ARB_depth_buffer_float GL_ARB_draw_instanced GL_ARB_half_float_vertex GL_ARB_instanced_arrays GL_ARB_map_buffer_range GL_ARB_texture_rg GL_ARB_texture_swizzle GL_ARB_vertex_array_bgra GL_EXT_separate_shader_objects GL_EXT_texture_swizzle GL_EXT_vertex_array_bgra GL_NV_conditional_render GL_AMD_draw_buffers_blend GL_ARB_ES2_compatibility GL_ARB_blend_func_extended GL_ARB_debug_output GL_ARB_draw_buffers_blend GL_ARB_draw_elements_base_vertex GL_ARB_explicit_attrib_location GL_ARB_fragment_coord_conventions GL_ARB_provoking_vertex GL_ARB_sampler_objects GL_ARB_seamless_cube_map GL_ARB_shader_texture_lod GL_ARB_texture_cube_map_array GL_ARB_texture_multisample GL_ARB_texture_query_lod GL_ARB_texture_rgb10_a2ui GL_ARB_uniform_buffer_object GL_ARB_vertex_type_2_10_10_10_rev GL_EXT_provoking_vertex GL_EXT_texture_snorm GL_MESA_texture_signed_rgba GL_ARB_get_program_binary GL_ARB_robustness GL_ARB_shader_bit_encoding GL_ARB_timer_query GL_ANGLE_texture_compression_dxt3 GL_ANGLE_texture_compression_dxt5 GL_ARB_internalformat_query GL_ARB_shading_language_420pack GL_ARB_shading_language_packing GL_ARB_texture_storage GL_EXT_framebuffer_multisample_blit_scaled GL_EXT_transform_feedback GL_ARB_ES3_compatibility GL_ARB_invalidate_subdata GL_ARB_texture_storage_multisample 
15:36:07: Supported GLX extensions: GLX_ARB_create_context GLX_ARB_create_context_profile GLX_ARB_get_proc_address GLX_ARB_multisample GLX_EXT_import_context GLX_EXT_visual_info GLX_EXT_visual_rating GLX_EXT_create_context_es2_profile GLX_MESA_copy_sub_buffer GLX_MESA_multithread_makecurrent GLX_MESA_swap_control GLX_OML_swap_method GLX_OML_sync_control GLX_SGI_make_current_read GLX_SGI_swap_control GLX_SGI_video_sync GLX_SGIS_multisample GLX_SGIX_fbconfig GLX_SGIX_pbuffer GLX_SGIX_visual_select_group GLX_EXT_texture_from_pixmap GLX_INTEL_swap_event 
15:36:07: ***************************
15:36:07: *** GL Renderer Started ***
15:36:07: ***************************
15:36:07: Registering ResourceManager for type GpuProgram
15:36:07: GLSL support detected
15:36:07: GL: Using GL_EXT_framebuffer_object for rendering to textures (best)
15:36:07: FBO PF_UNKNOWN depth/stencil support: D0S1 D0S4 D0S8 D0S16 D16S0 D16S1 D16S4 D16S8 D16S16 D24S0 D24S1 D24S4 D24S8 D24S16 D32S0 D32S1 D32S4 D32S8 D32S16 Packed-D24S8 
15:36:07: FBO PF_A8 depth/stencil support: D0S0 D0S1 D0S4 D0S8 D0S16 D16S0 D16S1 D16S4 D16S8 D16S16 D24S0 D24S1 D24S4 D24S8 D24S16 D32S0 D32S1 D32S4 D32S8 D32S16 Packed-D24S8 
15:36:07: FBO PF_R5G6B5 depth/stencil support: D0S0 D0S1 D0S4 D0S8 D0S16 D16S0 D16S1 D16S4 D16S8 D16S16 D24S0 D24S1 D24S4 D24S8 D24S16 D32S0 D32S1 D32S4 D32S8 D32S16 Packed-D24S8 
15:36:07: FBO PF_B5G6R5 depth/stencil support: D0S0 D0S1 D0S4 D0S8 D0S16 D16S0 D16S1 D16S4 D16S8 D16S16 D24S0 D24S1 D24S4 D24S8 D24S16 D32S0 D32S1 D32S4 D32S8 D32S16 Packed-D24S8 
15:36:07: FBO PF_A4R4G4B4 depth/stencil support: D0S0 D0S1 D0S4 D0S8 D0S16 D16S0 D16S1 D16S4 D16S8 D16S16 D24S0 D24S1 D24S4 D24S8 D24S16 D32S0 D32S1 D32S4 D32S8 D32S16 Packed-D24S8 
15:36:07: FBO PF_A1R5G5B5 depth/stencil support: D0S0 D0S1 D0S4 D0S8 D0S16 D16S0 D16S1 D16S4 D16S8 D16S16 D24S0 D24S1 D24S4 D24S8 D24S16 D32S0 D32S1 D32S4 D32S8 D32S16 Packed-D24S8 
15:36:07: FBO PF_R8G8B8 depth/stencil support: D0S0 D0S1 D0S4 D0S8 D0S16 D16S0 D16S1 D16S4 D16S8 D16S16 D24S0 D24S1 D24S4 D24S8 D24S16 D32S0 D32S1 D32S4 D32S8 D32S16 Packed-D24S8 
15:36:07: FBO PF_B8G8R8 depth/stencil support: D0S0 D0S1 D0S4 D0S8 D0S16 D16S0 D16S1 D16S4 D16S8 D16S16 D24S0 D24S1 D24S4 D24S8 D24S16 D32S0 D32S1 D32S4 D32S8 D32S16 Packed-D24S8 
15:36:07: FBO PF_A8R8G8B8 depth/stencil support: D0S0 D0S1 D0S4 D0S8 D0S16 D16S0 D16S1 D16S4 D16S8 D16S16 D24S0 D24S1 D24S4 D24S8 D24S16 D32S0 D32S1 D32S4 D32S8 D32S16 Packed-D24S8 
15:36:07: FBO PF_B8G8R8A8 depth/stencil support: D0S0 D0S1 D0S4 D0S8 D0S16 D16S0 D16S1 D16S4 D16S8 D16S16 D24S0 D24S1 D24S4 D24S8 D24S16 D32S0 D32S1 D32S4 D32S8 D32S16 Packed-D24S8 
15:36:07: FBO PF_A2R10G10B10 depth/stencil support: D0S0 D0S1 D0S4 D0S8 D0S16 D16S0 D16S1 D16S4 D16S8 D16S16 D24S0 D24S1 D24S4 D24S8 D24S16 D32S0 D32S1 D32S4 D32S8 D32S16 Packed-D24S8 
15:36:07: FBO PF_A2B10G10R10 depth/stencil support: D0S0 D0S1 D0S4 D0S8 D0S16 D16S0 D16S1 D16S4 D16S8 D16S16 D24S0 D24S1 D24S4 D24S8 D24S16 D32S0 D32S1 D32S4 D32S8 D32S16 Packed-D24S8 
15:36:07: FBO PF_FLOAT16_RGBA depth/stencil support: D0S0 D0S1 D0S4 D0S8 D0S16 D16S0 D16S1 D16S4 D16S8 D16S16 D24S0 D24S1 D24S4 D24S8 D24S16 D32S0 D32S1 D32S4 D32S8 D32S16 Packed-D24S8 
15:36:07: FBO PF_FLOAT32_RGBA depth/stencil support: D0S0 D0S1 D0S4 D0S8 D0S16 D16S0 D16S1 D16S4 D16S8 D16S16 D24S0 D24S1 D24S4 D24S8 D24S16 D32S0 D32S1 D32S4 D32S8 D32S16 Packed-D24S8 
15:36:07: FBO PF_X8R8G8B8 depth/stencil support: D0S0 D0S1 D0S4 D0S8 D0S16 D16S0 D16S1 D16S4 D16S8 D16S16 D24S0 D24S1 D24S4 D24S8 D24S16 D32S0 D32S1 D32S4 D32S8 D32S16 Packed-D24S8 
15:36:07: FBO PF_X8B8G8R8 depth/stencil support: D0S0 D0S1 D0S4 D0S8 D0S16 D16S0 D16S1 D16S4 D16S8 D16S16 D24S0 D24S1 D24S4 D24S8 D24S16 D32S0 D32S1 D32S4 D32S8 D32S16 Packed-D24S8 
15:36:07: FBO PF_SHORT_RGBA depth/stencil support: D0S0 D0S1 D0S4 D0S8 D0S16 D16S0 D16S1 D16S4 D16S8 D16S16 D24S0 D24S1 D24S4 D24S8 D24S16 D32S0 D32S1 D32S4 D32S8 D32S16 Packed-D24S8 
15:36:07: FBO PF_R3G3B2 depth/stencil support: D0S0 D0S1 D0S4 D0S8 D0S16 D16S0 D16S1 D16S4 D16S8 D16S16 D24S0 D24S1 D24S4 D24S8 D24S16 D32S0 D32S1 D32S4 D32S8 D32S16 Packed-D24S8 
15:36:07: FBO PF_FLOAT16_R depth/stencil support: D0S0 D0S1 D0S4 D0S8 D0S16 D16S0 D16S1 D16S4 D16S8 D16S16 D24S0 D24S1 D24S4 D24S8 D24S16 D32S0 D32S1 D32S4 D32S8 D32S16 Packed-D24S8 
15:36:07: FBO PF_FLOAT32_R depth/stencil support: D0S0 D0S1 D0S4 D0S8 D0S16 D16S0 D16S1 D16S4 D16S8 D16S16 D24S0 D24S1 D24S4 D24S8 D24S16 D32S0 D32S1 D32S4 D32S8 D32S16 Packed-D24S8 
15:36:07: [GL] : Valid FBO targets PF_UNKNOWN PF_A8 PF_R5G6B5 PF_B5G6R5 PF_A4R4G4B4 PF_A1R5G5B5 PF_R8G8B8 PF_B8G8R8 PF_A8R8G8B8 PF_B8G8R8A8 PF_A2R10G10B10 PF_A2B10G10R10 PF_FLOAT16_RGBA PF_FLOAT32_RGBA PF_X8R8G8B8 PF_X8B8G8R8 PF_SHORT_RGBA PF_R3G3B2 PF_FLOAT16_R PF_FLOAT32_R 
15:36:07: RenderSystem capabilities
15:36:07: -------------------------
15:36:07: RenderSystem Name: OpenGL Rendering Subsystem
15:36:07: GPU Vendor: intel
15:36:07: Device Name: Mesa DRI Intel(R) Sandybridge Mobile 
15:36:07: Driver Version: 3.0.0.0
15:36:07:  * Fixed function pipeline: yes
15:36:07:  * Hardware generation of mipmaps: no
15:36:07:  * Texture blending: yes
15:36:07:  * Anisotropic texture filtering: yes
15:36:07:  * Dot product texture operation: yes
15:36:07:  * Cube mapping: yes
15:36:07:  * Hardware stencil buffer: yes
15:36:07:    - Stencil depth: 8
15:36:07:    - Two sided stencil support: yes
15:36:07:    - Wrap stencil values: yes
15:36:07:  * Hardware vertex / index buffers: yes
15:36:07:  * Vertex programs: yes
15:36:07:  * Number of floating-point constants for vertex programs: 4096
15:36:07:  * Number of integer constants for vertex programs: 0
15:36:07:  * Number of boolean constants for vertex programs: 0
15:36:07:  * Fragment programs: yes
15:36:07:  * Number of floating-point constants for fragment programs: 4096
15:36:07:  * Number of integer constants for fragment programs: 0
15:36:07:  * Number of boolean constants for fragment programs: 0
15:36:07:  * Geometry programs: no
15:36:07:  * Number of floating-point constants for geometry programs: 0
15:36:07:  * Number of integer constants for geometry programs: 0
15:36:07:  * Number of boolean constants for geometry programs: 0
15:36:07:  * Supported Shader Profiles: arbfp1 arbvp1 glsl
15:36:07:  * Texture Compression: yes
15:36:07:    - DXT: yes
15:36:07:    - VTC: no
15:36:07:    - PVRTC: no
15:36:07:  * Scissor Rectangle: yes
15:36:07:  * Hardware Occlusion Query: yes
15:36:07:  * User clip planes: yes
15:36:07:  * VET_UBYTE4 vertex element type: yes
15:36:07:  * Infinite far plane projection: yes
15:36:07:  * Hardware render-to-texture: yes
15:36:07:  * Floating point textures: yes
15:36:07:  * Non-power-of-two textures: yes
15:36:07:  * Volume textures: yes
15:36:07:  * Multiple Render Targets: 8
15:36:07:    - With different bit depths: yes
15:36:07:  * Point Sprites: yes
15:36:07:  * Extended point parameters: yes
15:36:07:  * Max Point Size: 255
15:36:07:  * Vertex texture fetch: yes
15:36:07:  * Number of world matrices: 0
15:36:07:  * Number of texture units: 16
15:36:07:  * Stencil buffer depth: 8
15:36:07:  * Number of vertex blend matrices: 0
15:36:07:    - Max vertex textures: 16
15:36:07:    - Vertex textures shared: yes
15:36:07:  * Render to Vertex Buffer : no
15:36:07:  * GL 1.5 without VBO workaround: no
15:36:07:  * Frame Buffer objects: yes
15:36:07:  * Frame Buffer objects (ARB extension): no
15:36:07:  * Frame Buffer objects (ATI extension): no
15:36:07:  * PBuffer support: yes
15:36:07:  * GL 1.5 without HW-occlusion workaround: no
15:36:07:  * Separate shader objects: no
15:36:07: DefaultWorkQueue('Root') initialising on thread 7f02f8628800.
15:36:07: DefaultWorkQueue('Root')::WorkerFunc - thread 7f02ec8b6700 starting.
15:36:07: DefaultWorkQueue('Root')::WorkerFunc - thread 7f02ec0b5700 starting.
15:36:07: DefaultWorkQueue('Root')::WorkerFunc - thread 7f02eb8b4700 starting.
15:36:07: DefaultWorkQueue('Root')::WorkerFunc - thread 7f02eb0b3700 starting.
15:36:07: DefaultWorkQueue('Root')::WorkerFunc - thread 7f02ea8b2700 starting.
15:36:07: DefaultWorkQueue('Root')::WorkerFunc - thread 7f02ea0b1700 starting.
15:36:07: DefaultWorkQueue('Root')::WorkerFunc - thread 7f02e98b0700 starting.
15:36:07: DefaultWorkQueue('Root')::WorkerFunc - thread 7f02e90af700 starting.
15:36:07: Particle Renderer Type 'billboard' registered
15:36:07: SceneManagerFactory for type 'BspSceneManager' registered.
15:36:07: Registering ResourceManager for type BspLevel
15:36:07: SceneManagerFactory for type 'PCZSceneManager' registered.
15:36:07: MovableObjectFactory for type 'PCZLight' registered.
15:36:07: MovableObjectFactory for type 'Portal' registered.
15:36:07: MovableObjectFactory for type 'AntiPortal' registered.
15:36:07: PCZone Factory Type 'ZoneType_Octree' registered
15:36:07: SceneManagerFactory for type 'OctreeSceneManager' registered.
15:36:07: Parsing scripts for resource group Autodetect
15:36:07: Finished parsing scripts for resource group Autodetect
15:36:07: Creating resources for group Autodetect
15:36:07: All done
15:36:07: Parsing scripts for resource group Essential
15:36:07: Parsing script SdkTrays.material
15:36:07: Parsing script SdkTrays.fontdef
15:36:07: Parsing script SdkTrays.overlay
15:36:07: Bad element attribute line: '# you can offset the image to change the cursor "hotspot"' for element SdkTrays/Cursor in overlay 
15:36:07: Texture: sdk_cursor.png: Loading 1 faces(PF_A8R8G8B8,32x32x1) with 5 generated mipmaps from Image. Internal format is PF_A8R8G8B8,32x32x1.
15:36:07: Texture: sdk_tray.png: Loading 1 faces(PF_A8R8G8B8,64x64x1) with 5 generated mipmaps from Image. Internal format is PF_A8R8G8B8,64x64x1.
15:36:07: Texture: sdk_button_up.png: Loading 1 faces(PF_A8R8G8B8,128x32x1) with 5 generated mipmaps from Image. Internal format is PF_A8R8G8B8,128x32x1.
15:36:07: Texture: sdk_text_box.png: Loading 1 faces(PF_A8R8G8B8,32x32x1) with 5 generated mipmaps from Image. Internal format is PF_A8R8G8B8,32x32x1.
15:36:07: Texture: sdk_mini_tray.png: Loading 1 faces(PF_A8R8G8B8,32x32x1) with 5 generated mipmaps from Image. Internal format is PF_A8R8G8B8,32x32x1.
15:36:07: Texture: sdk_track.png: Loading 1 faces(PF_A8R8G8B8,16x32x1) with 5 generated mipmaps from Image. Internal format is PF_A8R8G8B8,16x32x1.
15:36:07: Texture: sdk_handle.png: Loading 1 faces(PF_A8R8G8B8,16x16x1) with 4 generated mipmaps from Image. Internal format is PF_A8R8G8B8,16x16x1.
15:36:07: Texture: sdk_mini_text_box.png: Loading 1 faces(PF_A8R8G8B8,32x32x1) with 5 generated mipmaps from Image. Internal format is PF_A8R8G8B8,32x32x1.
15:36:07: Texture: sdk_label.png: Loading 1 faces(PF_A8R8G8B8,32x32x1) with 5 generated mipmaps from Image. Internal format is PF_A8R8G8B8,32x32x1.
15:36:07: Texture: sdk_separator.png: Loading 1 faces(PF_A8R8G8B8,64x16x1) with 5 generated mipmaps from Image. Internal format is PF_A8R8G8B8,64x16x1.
15:36:07: Texture: sdk_logo.png: Loading 1 faces(PF_A8R8G8B8,128x64x1) with 5 generated mipmaps from Image. Internal format is PF_A8R8G8B8,128x64x1.
15:36:07: Texture: sdk_shade.png: Loading 1 faces(PF_A8R8G8B8,64x48x1) with 5 generated mipmaps from Image. Internal format is PF_A8R8G8B8,64x48x1.
15:36:07: Texture: sdk_frame.png: Loading 1 faces(PF_A8R8G8B8,32x32x1) with 5 generated mipmaps from Image. Internal format is PF_A8R8G8B8,32x32x1.
15:36:07: Texture: sdk_mini_text_box_over.png: Loading 1 faces(PF_A8R8G8B8,32x32x1) with 5 generated mipmaps from Image. Internal format is PF_A8R8G8B8,32x32x1.
15:36:07: Texture: sdk_pulse.png: Loading 1 faces(PF_R8G8B8,8x1x1) with 3 generated mipmaps from Image. Internal format is PF_X8R8G8B8,8x1x1.
15:36:07: Finished parsing scripts for resource group Essential
15:36:07: Creating resources for group Essential
15:36:07: All done
15:36:07: Parsing scripts for resource group General
15:36:07: Parsing script StdQuad_vp.program
15:36:07: Parsing script Examples.program
15:36:07: OGRE EXCEPTION(2:InvalidParametersException): Parameter called ambient does not exist.  in GpuProgramParameters::_findNamedConstantDefinition at /home/kyeh/Downloads/ogre_src_v1-8-1/OgreMain/src/OgreGpuProgramParams.cpp (line 1451)
15:36:07: Compiler error: invalid parameters in Examples.program(130): setting of constant failed
15:36:07: Parsing script CGSwizzle.material
15:36:07: Parsing script MotionBlur.material
15:36:07: Parsing script Posterize.material
15:36:07: Parsing script sibenik.material
15:36:07: Parsing script Ogre.material
15:36:07: Parsing script Tiling.material
15:36:07: Parsing script Ocean.material
15:36:07: Parsing script Examples-Water.material
15:36:07: Parsing script Examples.material
15:36:07: Parsing script IsoSurf.material
15:36:07: Parsing script BlackAndWhite.material
15:36:07: Parsing script shadows.material
15:36:07: Parsing script MRTtest.material
15:36:07: Parsing script HeatVision.material
15:36:07: Parsing script ASMSwizzle.material
15:36:07: Compiler error: object unsupported by render system in ASMSwizzle.material(1)
15:36:07: Parsing script Bloom2.material
15:36:07: Parsing script Halftone.material
15:36:07: Parsing script NightVision.material
15:36:07: Parsing script GLSLSwizzle.material
15:36:07: Parsing script Example-Water.material
15:36:07: Parsing script ShaderSystem.material
15:36:07: Parsing script RadialBlur.material
15:36:07: Parsing script VarianceShadowmap.material
15:36:07: Parsing script facial.material
15:36:07: Parsing script Hurt.material
15:36:07: Parsing script SharpenEdges.material
15:36:07: Parsing script Invert.material
15:36:07: Parsing script RZR-002.material
15:36:07: Parsing script Examples-Advanced.material
15:36:07: Compiler error: object unsupported by render system in Examples-Advanced.material(383)
15:36:07: Parsing script Examples-DynTex.material
15:36:07: Parsing script ParticleGS.material
15:36:07: Parsing script Dither.material
15:36:07: Parsing script OffsetMapping.material
15:36:07: Compiler error: object unsupported by render system in OffsetMapping.material(18)
15:36:07: Parsing script pssm.material
15:36:07: Parsing script Penguin.material
15:36:07: Parsing script hdr.material
15:36:07: Parsing script Bloom.material
15:36:07: Parsing script instancing.material
15:36:07: Parsing script CompositorDemo.material
15:36:07: Parsing script DepthShadowmap.material
15:36:07: Parsing script Embossed.material
15:36:07: Parsing script DOF.material
15:36:07: Parsing script Laplace.material
15:36:07: Parsing script OldMovie.material
15:36:07: Parsing script smoke.material
15:36:07: Parsing script ASCII.material
15:36:07: Parsing script OldTV.material
15:36:07: Parsing script Glass.material
15:36:07: Parsing script ROOM.material
15:36:07: Parsing script RTShaderSystem.material
15:36:07: Compiler error: unknown error in RTShaderSystem.material(23): token "rtshader_system" is not recognized
15:36:07: Compiler error: unknown error in RTShaderSystem.material(52): token "rtshader_system" is not recognized
15:36:07: Compiler error: unknown error in RTShaderSystem.material(81): token "rtshader_system" is not recognized
15:36:07: Compiler error: unknown error in RTShaderSystem.material(110): token "rtshader_system" is not recognized
15:36:07: Compiler error: unknown error in RTShaderSystem.material(146): token "rtshader_system" is not recognized
15:36:07: Compiler error: unknown error in RTShaderSystem.material(81): token "rtshader_system" is not recognized
15:36:07: Compiler error: unknown error in RTShaderSystem.material(162): token "rtshader_system" is not recognized
15:36:07: Compiler error: unknown error in RTShaderSystem.material(81): token "rtshader_system" is not recognized
15:36:07: Compiler error: unknown error in RTShaderSystem.material(110): token "rtshader_system" is not recognized
15:36:07: Parsing script smoke.particle
15:36:07: Parsing script Examples-Water.particle
15:36:07: Parsing script Examples.particle
15:36:07: Parsing script emitted_emitter.particle
15:36:07: Parsing script Examples.compositor
15:36:07: Parsing script sample.fontdef
15:36:07: Finished parsing scripts for resource group General
15:36:07: Creating resources for group General
15:36:07: All done
15:36:07: Parsing scripts for resource group Internal
15:36:07: Finished parsing scripts for resource group Internal
15:36:07: Creating resources for group Internal
15:36:07: All done
15:36:07: Mesh: Loading sphere.mesh.
15:36:07: WARNING: sphere.mesh is an older format ([MeshSerializer_v1.41]); you should upgrade it as soon as possible using the OgreMeshUpgrade tool.
15:36:07: OGRE EXCEPTION(2:InvalidParametersException): The upVector you supplied is parallel to the plane normal, so is not valid. in MeshManager::createPlane at /home/kyeh/Downloads/ogre_src_v1-8-1/OgreMain/src/OgreMeshManager.cpp (line 485)
15:36:07: DefaultWorkQueue('Root') shutting down on thread 7f02f8628800.
15:36:07: DefaultWorkQueue('Root')::WorkerFunc - thread 7f02ec8b6700 stopped.
15:36:07: DefaultWorkQueue('Root')::WorkerFunc - thread 7f02ec0b5700 stopped.
15:36:07: DefaultWorkQueue('Root')::WorkerFunc - thread 7f02eb8b4700 stopped.
15:36:07: DefaultWorkQueue('Root')::WorkerFunc - thread 7f02ea0b1700 stopped.
15:36:07: DefaultWorkQueue('Root')::WorkerFunc - thread 7f02ea8b2700 stopped.
15:36:07: DefaultWorkQueue('Root')::WorkerFunc - thread 7f02e98b0700 stopped.
15:36:07: DefaultWorkQueue('Root')::WorkerFunc - thread 7f02eb0b3700 stopped.
15:36:07: DefaultWorkQueue('Root')::WorkerFunc - thread 7f02e90af700 stopped.
15:36:07: PCZone Factory Type 'ZoneType_Octree' unregistered
15:36:07: Unregistering ResourceManager for type BspLevel
15:36:07: *-*-* OGRE Shutdown
15:36:07: Unregistering ResourceManager for type Compositor
15:36:07: Unregistering ResourceManager for type Font
15:36:07: Unregistering ResourceManager for type Skeleton
15:36:07: Unregistering ResourceManager for type Mesh
15:36:07: Unregistering ResourceManager for type HighLevelGpuProgram
15:36:07: Uninstalling plugin: Octree Scene Manager
15:36:07: Plugin successfully uninstalled
15:36:07: Unloading library /usr/local/lib/OGRE/Plugin_OctreeSceneManager
15:36:07: Uninstalling plugin: Octree Zone Factory
15:36:07: Plugin successfully uninstalled
15:36:07: Unloading library /usr/local/lib/OGRE/Plugin_OctreeZone
15:36:07: Uninstalling plugin: Portal Connected Zone Scene Manager
15:36:07: Plugin successfully uninstalled
15:36:07: Unloading library /usr/local/lib/OGRE/Plugin_PCZSceneManager
15:36:07: Uninstalling plugin: BSP Scene Manager
15:36:07: Plugin successfully uninstalled
15:36:07: Unloading library /usr/local/lib/OGRE/Plugin_BSPSceneManager
15:36:07: Uninstalling plugin: ParticleFX
15:36:07: Plugin successfully uninstalled
15:36:07: Unloading library /usr/local/lib/OGRE/Plugin_ParticleFX
15:36:07: Uninstalling plugin: GL RenderSystem
15:36:07: Unregistering ResourceManager for type GpuProgram
15:36:07: ******************************
*** Stopping GLX Subsystem ***
******************************
15:36:07: Unregistering ResourceManager for type Texture
15:36:07: Plugin successfully uninstalled
15:36:07: Unloading library /usr/local/lib/OGRE/RenderSystem_GL
15:36:07: Unregistering ResourceManager for type Material
